[2026-07-08 06:25:36] local.INFO: Detected N+1 Query  
[2026-07-08 06:25:36] local.INFO: Model: App\Models\Category
Relation: App\Models\Item
Num-Called: 85
Call-Stack:
#14 \vendor\laravel\framework\src\Illuminate\Support\Traits\ForwardsCalls.php:23
#15 \vendor\laravel\framework\src\Illuminate\Support\Traits\ForwardsCalls.php:52
#17 \app\Models\Category.php:85
#23 \app\Http\Controllers\CategoryController.php:189
#24 \vendor\laravel\framework\src\Illuminate\Routing\Controller.php:54
#25 \vendor\laravel\framework\src\Illuminate\Routing\ControllerDispatcher.php:43
#26 \vendor\laravel\framework\src\Illuminate\Routing\Route.php:259
#27 \vendor\laravel\framework\src\Illuminate\Routing\Route.php:205
#28 \vendor\laravel\framework\src\Illuminate\Routing\Router.php:806
#29 \vendor\laravel\framework\src\Illuminate\Pipeline\Pipeline.php:144
#30 \vendor\barryvdh\laravel-debugbar\src\Middleware\InjectDebugbar.php:66
#31 \vendor\laravel\framework\src\Illuminate\Pipeline\Pipeline.php:183
#32 \app\Http\Middleware\DemoMiddleware.php:34
#33 \vendor\laravel\framework\src\Illuminate\Pipeline\Pipeline.php:183
#34 \app\Http\Middleware\PreventBackHistory.php:12
#35 \vendor\laravel\framework\src\Illuminate\Pipeline\Pipeline.php:183
#36 \app\Http\Middleware\LanguageManager.php:58
#37 \vendor\laravel\framework\src\Illuminate\Pipeline\Pipeline.php:183
#38 \vendor\laravel\framework\src\Illuminate\Routing\Middleware\SubstituteBindings.php:50
#39 \vendor\laravel\framework\src\Illuminate\Pipeline\Pipeline.php:183
#40 \vendor\laravel\framework\src\Illuminate\Auth\Middleware\Authenticate.php:57
#41 \vendor\laravel\framework\src\Illuminate\Pipeline\Pipeline.php:183
#42 \vendor\laravel\framework\src\Illuminate\Foundation\Http\Middleware\VerifyCsrfToken.php:78
#43 \vendor\laravel\framework\src\Illuminate\Pipeline\Pipeline.php:183
#44 \vendor\laravel\framework\src\Illuminate\View\Middleware\ShareErrorsFromSession.php:49
#45 \vendor\laravel\framework\src\Illuminate\Pipeline\Pipeline.php:183
#46 \vendor\laravel\framework\src\Illuminate\Session\Middleware\StartSession.php:121
#47 \vendor\laravel\framework\src\Illuminate\Session\Middleware\StartSession.php:64
#48 \vendor\laravel\framework\src\Illuminate\Pipeline\Pipeline.php:183
#49 \vendor\laravel\framework\src\Illuminate\Cookie\Middleware\AddQueuedCookiesToResponse.php:37
  
[2026-07-08 06:25:36] local.INFO: Model: App\Models\Category
Relation: App\Models\Category
Num-Called: 85
Call-Stack:
#11 \vendor\staudenmeir\laravel-adjacency-list\src\Eloquent\Traits\BuildsAdjacencyListQueries.php:26
#14 \app\Models\Category.php:90
#20 \app\Http\Controllers\CategoryController.php:189
#21 \vendor\laravel\framework\src\Illuminate\Routing\Controller.php:54
#22 \vendor\laravel\framework\src\Illuminate\Routing\ControllerDispatcher.php:43
#23 \vendor\laravel\framework\src\Illuminate\Routing\Route.php:259
#24 \vendor\laravel\framework\src\Illuminate\Routing\Route.php:205
#25 \vendor\laravel\framework\src\Illuminate\Routing\Router.php:806
#26 \vendor\laravel\framework\src\Illuminate\Pipeline\Pipeline.php:144
#27 \vendor\barryvdh\laravel-debugbar\src\Middleware\InjectDebugbar.php:66
#28 \vendor\laravel\framework\src\Illuminate\Pipeline\Pipeline.php:183
#29 \app\Http\Middleware\DemoMiddleware.php:34
#30 \vendor\laravel\framework\src\Illuminate\Pipeline\Pipeline.php:183
#31 \app\Http\Middleware\PreventBackHistory.php:12
#32 \vendor\laravel\framework\src\Illuminate\Pipeline\Pipeline.php:183
#33 \app\Http\Middleware\LanguageManager.php:58
#34 \vendor\laravel\framework\src\Illuminate\Pipeline\Pipeline.php:183
#35 \vendor\laravel\framework\src\Illuminate\Routing\Middleware\SubstituteBindings.php:50
#36 \vendor\laravel\framework\src\Illuminate\Pipeline\Pipeline.php:183
#37 \vendor\laravel\framework\src\Illuminate\Auth\Middleware\Authenticate.php:57
#38 \vendor\laravel\framework\src\Illuminate\Pipeline\Pipeline.php:183
#39 \vendor\laravel\framework\src\Illuminate\Foundation\Http\Middleware\VerifyCsrfToken.php:78
#40 \vendor\laravel\framework\src\Illuminate\Pipeline\Pipeline.php:183
#41 \vendor\laravel\framework\src\Illuminate\View\Middleware\ShareErrorsFromSession.php:49
#42 \vendor\laravel\framework\src\Illuminate\Pipeline\Pipeline.php:183
#43 \vendor\laravel\framework\src\Illuminate\Session\Middleware\StartSession.php:121
#44 \vendor\laravel\framework\src\Illuminate\Session\Middleware\StartSession.php:64
#45 \vendor\laravel\framework\src\Illuminate\Pipeline\Pipeline.php:183
#46 \vendor\laravel\framework\src\Illuminate\Cookie\Middleware\AddQueuedCookiesToResponse.php:37
#47 \vendor\laravel\framework\src\Illuminate\Pipeline\Pipeline.php:183
#48 \vendor\laravel\framework\src\Illuminate\Cookie\Middleware\EncryptCookies.php:67
#49 \vendor\laravel\framework\src\Illuminate\Pipeline\Pipeline.php:183
  
[2026-07-08 09:25:44] local.INFO: Detected N+1 Query  
[2026-07-08 09:25:44] local.INFO: Model: App\Models\Category
Relation: App\Models\Item
Num-Called: 85
Call-Stack:
#14 \vendor\laravel\framework\src\Illuminate\Support\Traits\ForwardsCalls.php:23
#15 \vendor\laravel\framework\src\Illuminate\Support\Traits\ForwardsCalls.php:52
#17 \app\Models\Category.php:85
#23 \app\Http\Controllers\CategoryController.php:189
#24 \vendor\laravel\framework\src\Illuminate\Routing\Controller.php:54
#25 \vendor\laravel\framework\src\Illuminate\Routing\ControllerDispatcher.php:43
#26 \vendor\laravel\framework\src\Illuminate\Routing\Route.php:259
#27 \vendor\laravel\framework\src\Illuminate\Routing\Route.php:205
#28 \vendor\laravel\framework\src\Illuminate\Routing\Router.php:806
#29 \vendor\laravel\framework\src\Illuminate\Pipeline\Pipeline.php:144
#30 \vendor\barryvdh\laravel-debugbar\src\Middleware\InjectDebugbar.php:66
#31 \vendor\laravel\framework\src\Illuminate\Pipeline\Pipeline.php:183
#32 \app\Http\Middleware\DemoMiddleware.php:34
#33 \vendor\laravel\framework\src\Illuminate\Pipeline\Pipeline.php:183
#34 \app\Http\Middleware\PreventBackHistory.php:12
#35 \vendor\laravel\framework\src\Illuminate\Pipeline\Pipeline.php:183
#36 \app\Http\Middleware\LanguageManager.php:58
#37 \vendor\laravel\framework\src\Illuminate\Pipeline\Pipeline.php:183
#38 \vendor\laravel\framework\src\Illuminate\Routing\Middleware\SubstituteBindings.php:50
#39 \vendor\laravel\framework\src\Illuminate\Pipeline\Pipeline.php:183
#40 \vendor\laravel\framework\src\Illuminate\Auth\Middleware\Authenticate.php:57
#41 \vendor\laravel\framework\src\Illuminate\Pipeline\Pipeline.php:183
#42 \vendor\laravel\framework\src\Illuminate\Foundation\Http\Middleware\VerifyCsrfToken.php:78
#43 \vendor\laravel\framework\src\Illuminate\Pipeline\Pipeline.php:183
#44 \vendor\laravel\framework\src\Illuminate\View\Middleware\ShareErrorsFromSession.php:49
#45 \vendor\laravel\framework\src\Illuminate\Pipeline\Pipeline.php:183
#46 \vendor\laravel\framework\src\Illuminate\Session\Middleware\StartSession.php:121
#47 \vendor\laravel\framework\src\Illuminate\Session\Middleware\StartSession.php:64
#48 \vendor\laravel\framework\src\Illuminate\Pipeline\Pipeline.php:183
#49 \vendor\laravel\framework\src\Illuminate\Cookie\Middleware\AddQueuedCookiesToResponse.php:37
  
[2026-07-08 09:25:44] local.INFO: Model: App\Models\Category
Relation: App\Models\Category
Num-Called: 85
Call-Stack:
#11 \vendor\staudenmeir\laravel-adjacency-list\src\Eloquent\Traits\BuildsAdjacencyListQueries.php:26
#14 \app\Models\Category.php:90
#20 \app\Http\Controllers\CategoryController.php:189
#21 \vendor\laravel\framework\src\Illuminate\Routing\Controller.php:54
#22 \vendor\laravel\framework\src\Illuminate\Routing\ControllerDispatcher.php:43
#23 \vendor\laravel\framework\src\Illuminate\Routing\Route.php:259
#24 \vendor\laravel\framework\src\Illuminate\Routing\Route.php:205
#25 \vendor\laravel\framework\src\Illuminate\Routing\Router.php:806
#26 \vendor\laravel\framework\src\Illuminate\Pipeline\Pipeline.php:144
#27 \vendor\barryvdh\laravel-debugbar\src\Middleware\InjectDebugbar.php:66
#28 \vendor\laravel\framework\src\Illuminate\Pipeline\Pipeline.php:183
#29 \app\Http\Middleware\DemoMiddleware.php:34
#30 \vendor\laravel\framework\src\Illuminate\Pipeline\Pipeline.php:183
#31 \app\Http\Middleware\PreventBackHistory.php:12
#32 \vendor\laravel\framework\src\Illuminate\Pipeline\Pipeline.php:183
#33 \app\Http\Middleware\LanguageManager.php:58
#34 \vendor\laravel\framework\src\Illuminate\Pipeline\Pipeline.php:183
#35 \vendor\laravel\framework\src\Illuminate\Routing\Middleware\SubstituteBindings.php:50
#36 \vendor\laravel\framework\src\Illuminate\Pipeline\Pipeline.php:183
#37 \vendor\laravel\framework\src\Illuminate\Auth\Middleware\Authenticate.php:57
#38 \vendor\laravel\framework\src\Illuminate\Pipeline\Pipeline.php:183
#39 \vendor\laravel\framework\src\Illuminate\Foundation\Http\Middleware\VerifyCsrfToken.php:78
#40 \vendor\laravel\framework\src\Illuminate\Pipeline\Pipeline.php:183
#41 \vendor\laravel\framework\src\Illuminate\View\Middleware\ShareErrorsFromSession.php:49
#42 \vendor\laravel\framework\src\Illuminate\Pipeline\Pipeline.php:183
#43 \vendor\laravel\framework\src\Illuminate\Session\Middleware\StartSession.php:121
#44 \vendor\laravel\framework\src\Illuminate\Session\Middleware\StartSession.php:64
#45 \vendor\laravel\framework\src\Illuminate\Pipeline\Pipeline.php:183
#46 \vendor\laravel\framework\src\Illuminate\Cookie\Middleware\AddQueuedCookiesToResponse.php:37
#47 \vendor\laravel\framework\src\Illuminate\Pipeline\Pipeline.php:183
#48 \vendor\laravel\framework\src\Illuminate\Cookie\Middleware\EncryptCookies.php:67
#49 \vendor\laravel\framework\src\Illuminate\Pipeline\Pipeline.php:183
  
