[2026-07-16 04:53:18] local.INFO: Detected N+1 Query  
[2026-07-16 04:53:18] local.INFO: Model: Spatie\Permission\Models\Permission
Relation: Spatie\Permission\Models\Role
Num-Called: 2
Call-Stack:
#17 \vendor\spatie\laravel-permission\src\PermissionRegistrar.php:304
#18 \vendor\spatie\laravel-permission\src\PermissionRegistrar.php:341
#19 \vendor\spatie\laravel-permission\src\PermissionRegistrar.php:222
#20 \vendor\laravel\framework\src\Illuminate\Cache\Repository.php:396
#21 \vendor\spatie\laravel-permission\src\PermissionRegistrar.php:221
#22 \vendor\spatie\laravel-permission\src\PermissionRegistrar.php:243
#23 \vendor\spatie\laravel-permission\src\Models\Permission.php:146
#24 \vendor\spatie\laravel-permission\src\Models\Permission.php:157
#25 \vendor\spatie\laravel-permission\src\Models\Permission.php:95
#26 \vendor\spatie\laravel-permission\src\Traits\HasPermissions.php:188
#27 \vendor\spatie\laravel-permission\src\Traits\HasPermissions.php:215
#28 \vendor\spatie\laravel-permission\src\Traits\HasPermissions.php:263
#29 \vendor\spatie\laravel-permission\src\PermissionRegistrar.php:130
#30 \vendor\laravel\framework\src\Illuminate\Auth\Access\Gate.php:566
#31 \vendor\laravel\framework\src\Illuminate\Auth\Access\Gate.php:438
#32 \vendor\laravel\framework\src\Illuminate\Auth\Access\Gate.php:406
#33 \vendor\laravel\framework\src\Illuminate\Auth\Access\Gate.php:354
#34 \vendor\laravel\framework\src\Illuminate\Collections\Traits\EnumeratesValues.php:277
#35 \vendor\laravel\framework\src\Illuminate\Auth\Access\Gate.php:353
#36 \vendor\laravel\framework\src\Illuminate\Foundation\Auth\Access\Authorizable.php:18
#37 \app\Services\ResponseService.php:34
#38 \app\Http\Controllers\BannerAdController.php:35
#39 \vendor\laravel\framework\src\Illuminate\Routing\Controller.php:54
#40 \vendor\laravel\framework\src\Illuminate\Routing\ControllerDispatcher.php:43
#41 \vendor\laravel\framework\src\Illuminate\Routing\Route.php:259
#42 \vendor\laravel\framework\src\Illuminate\Routing\Route.php:205
#43 \vendor\laravel\framework\src\Illuminate\Routing\Router.php:806
#44 \vendor\laravel\framework\src\Illuminate\Pipeline\Pipeline.php:144
#45 \vendor\barryvdh\laravel-debugbar\src\Middleware\InjectDebugbar.php:59
#46 \vendor\laravel\framework\src\Illuminate\Pipeline\Pipeline.php:183
#47 \app\Http\Middleware\DemoMiddleware.php:34
#48 \vendor\laravel\framework\src\Illuminate\Pipeline\Pipeline.php:183
#49 \app\Http\Middleware\PreventBackHistory.php:12
  
[2026-07-16 04:53:18] local.INFO: Model: App\Models\User
Relation: Spatie\Permission\Models\Permission
Num-Called: 2
Call-Stack:
#20 \vendor\spatie\laravel-permission\src\Traits\HasPermissions.php:328
#21 \vendor\spatie\laravel-permission\src\Traits\HasPermissions.php:217
#22 \vendor\spatie\laravel-permission\src\Traits\HasPermissions.php:263
#23 \vendor\spatie\laravel-permission\src\PermissionRegistrar.php:130
#24 \vendor\laravel\framework\src\Illuminate\Auth\Access\Gate.php:566
#25 \vendor\laravel\framework\src\Illuminate\Auth\Access\Gate.php:438
#26 \vendor\laravel\framework\src\Illuminate\Auth\Access\Gate.php:406
#27 \vendor\laravel\framework\src\Illuminate\Auth\Access\Gate.php:354
#28 \vendor\laravel\framework\src\Illuminate\Collections\Traits\EnumeratesValues.php:277
#29 \vendor\laravel\framework\src\Illuminate\Auth\Access\Gate.php:353
#30 \vendor\laravel\framework\src\Illuminate\Foundation\Auth\Access\Authorizable.php:18
#31 \app\Services\ResponseService.php:34
#32 \app\Http\Controllers\BannerAdController.php:35
#33 \vendor\laravel\framework\src\Illuminate\Routing\Controller.php:54
#34 \vendor\laravel\framework\src\Illuminate\Routing\ControllerDispatcher.php:43
#35 \vendor\laravel\framework\src\Illuminate\Routing\Route.php:259
#36 \vendor\laravel\framework\src\Illuminate\Routing\Route.php:205
#37 \vendor\laravel\framework\src\Illuminate\Routing\Router.php:806
#38 \vendor\laravel\framework\src\Illuminate\Pipeline\Pipeline.php:144
#39 \vendor\barryvdh\laravel-debugbar\src\Middleware\InjectDebugbar.php:59
#40 \vendor\laravel\framework\src\Illuminate\Pipeline\Pipeline.php:183
#41 \app\Http\Middleware\DemoMiddleware.php:34
#42 \vendor\laravel\framework\src\Illuminate\Pipeline\Pipeline.php:183
#43 \app\Http\Middleware\PreventBackHistory.php:12
#44 \vendor\laravel\framework\src\Illuminate\Pipeline\Pipeline.php:183
#45 \app\Http\Middleware\LanguageManager.php:58
#46 \vendor\laravel\framework\src\Illuminate\Pipeline\Pipeline.php:183
#47 \vendor\laravel\framework\src\Illuminate\Routing\Middleware\SubstituteBindings.php:50
#48 \vendor\laravel\framework\src\Illuminate\Pipeline\Pipeline.php:183
#49 \vendor\laravel\framework\src\Illuminate\Auth\Middleware\Authenticate.php:57
  
[2026-07-16 04:53:18] local.INFO: Model: App\Models\User
Relation: Spatie\Permission\Models\Role
Num-Called: 2
Call-Stack:
#20 \vendor\spatie\laravel-permission\src\Traits\HasRoles.php:249
#21 \vendor\spatie\laravel-permission\src\Traits\HasPermissions.php:314
#22 \vendor\spatie\laravel-permission\src\Traits\HasPermissions.php:217
#23 \vendor\spatie\laravel-permission\src\Traits\HasPermissions.php:263
#24 \vendor\spatie\laravel-permission\src\PermissionRegistrar.php:130
#25 \vendor\laravel\framework\src\Illuminate\Auth\Access\Gate.php:566
#26 \vendor\laravel\framework\src\Illuminate\Auth\Access\Gate.php:438
#27 \vendor\laravel\framework\src\Illuminate\Auth\Access\Gate.php:406
#28 \vendor\laravel\framework\src\Illuminate\Auth\Access\Gate.php:354
#29 \vendor\laravel\framework\src\Illuminate\Collections\Traits\EnumeratesValues.php:277
#30 \vendor\laravel\framework\src\Illuminate\Auth\Access\Gate.php:353
#31 \vendor\laravel\framework\src\Illuminate\Foundation\Auth\Access\Authorizable.php:18
#32 \app\Services\ResponseService.php:34
#33 \app\Http\Controllers\BannerAdController.php:35
#34 \vendor\laravel\framework\src\Illuminate\Routing\Controller.php:54
#35 \vendor\laravel\framework\src\Illuminate\Routing\ControllerDispatcher.php:43
#36 \vendor\laravel\framework\src\Illuminate\Routing\Route.php:259
#37 \vendor\laravel\framework\src\Illuminate\Routing\Route.php:205
#38 \vendor\laravel\framework\src\Illuminate\Routing\Router.php:806
#39 \vendor\laravel\framework\src\Illuminate\Pipeline\Pipeline.php:144
#40 \vendor\barryvdh\laravel-debugbar\src\Middleware\InjectDebugbar.php:59
#41 \vendor\laravel\framework\src\Illuminate\Pipeline\Pipeline.php:183
#42 \app\Http\Middleware\DemoMiddleware.php:34
#43 \vendor\laravel\framework\src\Illuminate\Pipeline\Pipeline.php:183
#44 \app\Http\Middleware\PreventBackHistory.php:12
#45 \vendor\laravel\framework\src\Illuminate\Pipeline\Pipeline.php:183
#46 \app\Http\Middleware\LanguageManager.php:58
#47 \vendor\laravel\framework\src\Illuminate\Pipeline\Pipeline.php:183
#48 \vendor\laravel\framework\src\Illuminate\Routing\Middleware\SubstituteBindings.php:50
#49 \vendor\laravel\framework\src\Illuminate\Pipeline\Pipeline.php:183
  
[2026-07-16 04:53:18] local.INFO: Model: App\Models\Banner
Relation: App\Models\BannerItem
Num-Called: 2
Call-Stack:
#18 \app\Http\Controllers\BannerAdController.php:62
#19 \vendor\laravel\framework\src\Illuminate\Routing\Controller.php:54
#20 \vendor\laravel\framework\src\Illuminate\Routing\ControllerDispatcher.php:43
#21 \vendor\laravel\framework\src\Illuminate\Routing\Route.php:259
#22 \vendor\laravel\framework\src\Illuminate\Routing\Route.php:205
#23 \vendor\laravel\framework\src\Illuminate\Routing\Router.php:806
#24 \vendor\laravel\framework\src\Illuminate\Pipeline\Pipeline.php:144
#25 \vendor\barryvdh\laravel-debugbar\src\Middleware\InjectDebugbar.php:59
#26 \vendor\laravel\framework\src\Illuminate\Pipeline\Pipeline.php:183
#27 \app\Http\Middleware\DemoMiddleware.php:34
#28 \vendor\laravel\framework\src\Illuminate\Pipeline\Pipeline.php:183
#29 \app\Http\Middleware\PreventBackHistory.php:12
#30 \vendor\laravel\framework\src\Illuminate\Pipeline\Pipeline.php:183
#31 \app\Http\Middleware\LanguageManager.php:58
#32 \vendor\laravel\framework\src\Illuminate\Pipeline\Pipeline.php:183
#33 \vendor\laravel\framework\src\Illuminate\Routing\Middleware\SubstituteBindings.php:50
#34 \vendor\laravel\framework\src\Illuminate\Pipeline\Pipeline.php:183
#35 \vendor\laravel\framework\src\Illuminate\Auth\Middleware\Authenticate.php:57
#36 \vendor\laravel\framework\src\Illuminate\Pipeline\Pipeline.php:183
#37 \vendor\laravel\framework\src\Illuminate\Foundation\Http\Middleware\VerifyCsrfToken.php:78
#38 \vendor\laravel\framework\src\Illuminate\Pipeline\Pipeline.php:183
#39 \vendor\laravel\framework\src\Illuminate\View\Middleware\ShareErrorsFromSession.php:49
#40 \vendor\laravel\framework\src\Illuminate\Pipeline\Pipeline.php:183
#41 \vendor\laravel\framework\src\Illuminate\Session\Middleware\StartSession.php:121
#42 \vendor\laravel\framework\src\Illuminate\Session\Middleware\StartSession.php:64
#43 \vendor\laravel\framework\src\Illuminate\Pipeline\Pipeline.php:183
#44 \vendor\laravel\framework\src\Illuminate\Cookie\Middleware\AddQueuedCookiesToResponse.php:37
#45 \vendor\laravel\framework\src\Illuminate\Pipeline\Pipeline.php:183
#46 \vendor\laravel\framework\src\Illuminate\Cookie\Middleware\EncryptCookies.php:67
#47 \vendor\laravel\framework\src\Illuminate\Pipeline\Pipeline.php:183
#48 \app\Http\Middleware\EnsureRequestIntegrity.php:20
#49 \vendor\laravel\framework\src\Illuminate\Pipeline\Pipeline.php:183
  
